[INFO] Scanning for projects...
[INFO]                                                                         
[INFO] ------------------------------------------------------------------------
[INFO] Building yeemeng 1.0
[INFO] ------------------------------------------------------------------------
[INFO] 
[INFO] --- maven-clean-plugin:2.5:clean (default-clean) @ yeemeng ---
[INFO] Deleting C:\Users\Uber-Yee Meng\workspace\yeemeng\target
[INFO] 
[INFO] --- maven-resources-plugin:2.6:resources (default-resources) @ yeemeng ---
[INFO] Using 'UTF-8' encoding to copy filtered resources.
[INFO] skip non existing resourceDirectory C:\Users\Uber-Yee Meng\workspace\yeemeng\src\main\resources
[INFO] 
[INFO] --- maven-compiler-plugin:3.1:compile (default-compile) @ yeemeng ---
[INFO] Changes detected - recompiling the module!
[INFO] Compiling 1 source file to C:\Users\Uber-Yee Meng\workspace\yeemeng\target\classes
[INFO] 
[INFO] --- maven-resources-plugin:2.6:testResources (default-testResources) @ yeemeng ---
[INFO] Using 'UTF-8' encoding to copy filtered resources.
[INFO] skip non existing resourceDirectory C:\Users\Uber-Yee Meng\workspace\yeemeng\src\test\resources
[INFO] 
[INFO] --- maven-compiler-plugin:3.1:testCompile (default-testCompile) @ yeemeng ---
[INFO] No sources to compile
[INFO] 
[INFO] --- maven-surefire-plugin:2.12.4:test (default-test) @ yeemeng ---
[INFO] Tests are skipped.
[INFO] 
[INFO] --- maven-war-plugin:2.6:war (default-war) @ yeemeng ---
[INFO] ------------------------------------------------------------------------
[INFO] BUILD FAILURE
[INFO] ------------------------------------------------------------------------
[INFO] Total time: 2.633 s
[INFO] Finished at: 2015-12-23T16:03:26+08:00
[INFO] Final Memory: 19M/170M
[INFO] ------------------------------------------------------------------------
[ERROR] Failed to execute goal org.apache.maven.plugins:maven-war-plugin:2.6:war (default-war) on project yeemeng: Unable to parse configuration of mojo org.apache.maven.plugins:maven-war-plugin:2.6:war for parameter webResource: Cannot find default setter in class org.apache.maven.model.Resource -> [Help 1]
[ERROR] 
[ERROR] To see the full stack trace of the errors, re-run Maven with the -e switch.
[ERROR] Re-run Maven using the -X switch to enable full debug logging.
[ERROR] 
[ERROR] For more information about the errors and possible solutions, please read the following articles:
[ERROR] [Help 1] http://cwiki.apache.org/confluence/display/MAVEN/PluginConfigurationException
